<?xml version="1.0" encoding="UTF-8"?>
<!-- Generated by org.testng.reporters.JUnitReportReporter -->
<testsuite hostname="ARDENT-PC" name="HomeModule.HomePageClass" tests="1" failures="0" timestamp="12 Feb 2020 14:36:58 GMT" time="31.454" errors="0">
  <testcase name="homePageLogin" time="31.454" classname="HomeModule.HomePageClass"/>
</testsuite> <!-- HomeModule.HomePageClass -->
