<?xml version="1.0" encoding="UTF-8"?>
<!-- Generated by org.testng.reporters.JUnitReportReporter -->
<testsuite hostname="ARDENT-PC" name="com.SeleniumBasics.Practice.PracticeSelenium.AutomationPractice1.PracticeAutomation2" tests="2" failures="0" timestamp="7 Feb 2020 05:37:45 GMT" time="104.822" errors="0">
  <testcase name="newMethod1" time="0.001" classname="com.SeleniumBasics.Practice.PracticeSelenium.AutomationPractice1.PracticeAutomation2"/>
  <testcase name="automationTest" time="104.821" classname="com.SeleniumBasics.Practice.PracticeSelenium.AutomationPractice1.PracticeAutomation2"/>
</testsuite> <!-- com.SeleniumBasics.Practice.PracticeSelenium.AutomationPractice1.PracticeAutomation2 -->
