<?xml version="1.0" encoding="UTF-8"?>
<!-- Generated by org.testng.reporters.JUnitReportReporter -->
<testsuite hostname="ARDENT-PC" name="com.SeleniumBasics.Practice.PracticeSelenium.AutomationPractice1.PracticeAutomation1" tests="2" failures="0" timestamp="7 Feb 2020 05:37:45 GMT" time="17.657" errors="0">
  <testcase name="testAutomation1" time="17.656" classname="com.SeleniumBasics.Practice.PracticeSelenium.AutomationPractice1.PracticeAutomation1"/>
  <testcase name="newMethod" time="0.001" classname="com.SeleniumBasics.Practice.PracticeSelenium.AutomationPractice1.PracticeAutomation1"/>
</testsuite> <!-- com.SeleniumBasics.Practice.PracticeSelenium.AutomationPractice1.PracticeAutomation1 -->
