<?xml version="1.0" encoding="UTF-8"?>
<!-- Generated by org.testng.reporters.JUnitReportReporter -->
<testsuite hostname="ARDENT-PC" name="com.webdriveruniversity.CucumberFramework.mainRunner.RunnerClassContacUsSteps" tests="1" failures="0" timestamp="12 Jan 2020 03:05:23 GMT" time="58.793" errors="0">
  <testcase name="feature" time="58.793" classname="com.webdriveruniversity.CucumberFramework.mainRunner.RunnerClassContacUsSteps"/>
</testsuite> <!-- com.webdriveruniversity.CucumberFramework.mainRunner.RunnerClassContacUsSteps -->
