<?xml version="1.0" encoding="UTF-8"?>
<!-- Generated by org.testng.reporters.JUnitReportReporter -->
<testsuite hostname="ARDENT-PC" name="com.webdriveruniversity.CucumberFramework.mainRunner.RunnerClassPOMSteps" tests="1" failures="0" timestamp="12 Jan 2020 03:05:23 GMT" time="141.286" errors="0">
  <testcase name="feature" time="141.286" classname="com.webdriveruniversity.CucumberFramework.mainRunner.RunnerClassPOMSteps"/>
</testsuite> <!-- com.webdriveruniversity.CucumberFramework.mainRunner.RunnerClassPOMSteps -->
