<?xml version="1.0" encoding="UTF-8"?>
<!-- Generated by org.testng.reporters.JUnitReportReporter -->
<testsuite hostname="ARDENT-PC" name="com.webdriveruniversity.CucumberFramework.mainRunner.RunnerClassPOMSteps" tests="1" failures="0" timestamp="11 Jan 2020 04:06:26 GMT" time="138.307" errors="0">
  <testcase name="feature" time="138.307" classname="com.webdriveruniversity.CucumberFramework.mainRunner.RunnerClassPOMSteps"/>
</testsuite> <!-- com.webdriveruniversity.CucumberFramework.mainRunner.RunnerClassPOMSteps -->
